--- Job emp2.gms Start 06/25/20 19:21:54 31.1.1 r4b06116 DEX-DEG x86 64bit/Mac OS X
--- Applying:
    /Applications/GAMS31.1/GAMS Terminal.app/Contents/MacOS/gmsprmun.txt
    /Users/ferris/Library/Preferences/GAMS/gamsconfig.yaml
--- GAMS Parameters defined
    Input /Users/ferris/Projects/GAMS-MIRO/oligopoly/emp2.gms
    PageSize 0
    Action C
    ScrDir /Users/ferris/Projects/GAMS-MIRO/oligopoly/225a/
    SysDir /Applications/GAMS31.1/GAMS Terminal.app/Contents/MacOS/
    LogOption 3
    ErrMsg 1
    ErrorLog 99
    IDE 1
    LstTitleLeftAligned 1
    IDCJSON conf_emp2/emp2_io.json
GAMS 31.1.1   Copyright (C) 1987-2020 GAMS Development. All rights reserved
Licensee: Michael C. Ferris                              S200127/0001AN-GEN
          University of Wisconsin-Madison, Computer Sciences Dept.DCE000472
          /Users/ferris/Library/Application Support/GAMS/gamslice.txt
          Evaluation license: Not for commercial or production use
--- Starting compilation
--- emp2.gms(272) 3 Mb
--- Resetting Table request for fdata due to last domain is universe.
--- Resetting Table request for jdata due to last domain is universe.
*** Status: Normal completion
--- Job emp2.gms Stop 06/25/20 19:21:54 elapsed 0:00:00.005
========================
========================Warning in eval(ei, envir) :
  The alias of symbol: 'd' was selected to be overwritten. However, this symbol could not be found.
emp2.miroapp successfully deployed to location /Users/ferris/Projects/GAMS-MIRO/oligopoly
