--- Job model.gms Start 07/16/20 10:47:09 31.2.0 r8ba6aed DEX-DEG x86 64bit/Mac OS X
--- Applying:
    /Applications/GAMS31.2/GAMS Terminal.app/Contents/MacOS/gmsprmun.txt
    /Users/ferris/Library/Preferences/GAMS/gamsconfig.yaml
--- GAMS Parameters defined
    Input /Users/ferris/Projects/GAMS-MIRO/facloc/model.gms
    PageSize 0
    ScrDir /Users/ferris/Projects/GAMS-MIRO/facloc/225a/
    SysDir /Applications/GAMS31.2/GAMS Terminal.app/Contents/MacOS/
    LogOption 3
    ErrMsg 1
    ErrorLog 99
    IDE 1
    LstTitleLeftAligned 1
    IDCGenerateJSON conf_model/model_io.json
    IDCGenerateGDX data_model/default.gdx
GAMS 31.2.0   Copyright (C) 1987-2020 GAMS Development. All rights reserved
Licensee: Michael C. Ferris                              S200127/0001AN-GEN
          University of Wisconsin-Madison, Computer Sciences Dept.DCE000472
          /Users/ferris/Library/Application Support/GAMS/gamslice.txt
          Evaluation license: Not for commercial or production use
--- Starting compilation
--- model.gms(123) 3 Mb
--- Starting execution: elapsed 0:00:00.007
--- model.gms(90) 4 Mb
--- Generating NLP model Facility_Layout
--- model.gms(92) 6 Mb
---   13 rows  9 columns  57 non-zeroes
---   251 nl-code  56 nl-non-zeroes
--- model.gms(92) 4 Mb
--- Executing BARON: elapsed 0:00:00.014
GAMS/BARON       31.2.0 r8ba6aed Released Jun 19, 2020 DEG x86 64bit/Mac OS X 
===========================================================================
 BARON version 20.4.14. Built: OSX-64 Tue Apr 14 21:11:20 EDT 2020
 BARON is a product of The Optimization Firm.
 For information on BARON, see https://minlp.com/about-baron
 If you use this software, please cite publications from
 https://minlp.com/baron-publications, such as: 
 Khajavirad, A. and N. V. Sahinidis,
 A hybrid LP/NLP paradigm for global optimization relaxations,
 Mathematical Programming Computation, 10, 383-421, 2018.
===========================================================================
 This BARON run may utilize the following subsolver(s)
 For LP/MIP/QP: ILOG CPLEX                                      
 For NLP: MINOS, SNOPT, GAMS external NLP, IPOPT, FILTERSD, FILTERSQP
===========================================================================
 Doing local search
 Solving bounding LP
 Starting multi-start local search
 Preprocessing found feasible solution with value -10986.3105324     
 Done with local search
===========================================================================
  Iteration    Open nodes         Time (s)    Lower bound      Upper bound
          1             1             0.14    -11000.8         -10986.3    
          7             0             0.29    -10987.4         -10986.3    
 Cleaning up
                         *** Normal completion ***            
 Wall clock time:                     0.30
 Total CPU time used:                 0.29
 Total no. of BaR iterations:       7
 Best solution found at node:      -1
 Max. no. of nodes in memory:       3
 
 All done
===========================================================================
Solution      = -10986.3105324263  best solution found during preprocessing
Best possible = -10987.4092734
Absolute gap  = 1.09874097371357  optca = 1E-9
Relative gap  = 0.00010000000422061  optcr = 0.0001
  (Note that BARON uses a different formula to compute the relative gap as
   was used for the above reported value.)
--- Restarting execution
--- model.gms(92) 2 Mb
--- Reading solution for model Facility_Layout
--- Executing after solve: elapsed 0:00:00.609
--- model.gms(121) 3 Mb
--- GDX File /Users/ferris/Projects/GAMS-MIRO/facloc/data_model/default.gdx
*** Status: Normal completion
--- Job model.gms Stop 07/16/20 10:47:10 elapsed 0:00:00.611
========================
========================Warning in eval(ei, envir) :
  The alias of symbol: 'result2' was selected to be overwritten. However, this symbol could not be found.
TRACE [2020-07-16 10:47:12] Logging facility initialised.
FATAL [2020-07-16 10:47:12] Problems loading required R packages. Error message: package or namespace load failed for 'igraph' in dyn.load(file, DLLpath = DLLpath, ...):
 unable to load shared object '/Applications/GAMS MIRO.app/Contents/Resources/r/library/igraph/libs/igraph.so':
  dlopen(/Applications/GAMS MIRO.app/Contents/Resources/r/library/igraph/libs/igraph.so, 6): Library not loaded: /Library/Frameworks/R.framework/Versions/4.0/Resources/lib/libRlapack.dylib
  Referenced from: /Applications/GAMS MIRO.app/Contents/Resources/r/library/igraph/libs/igraph.so
  Reason: image not found.
DEBUG [2020-07-16 10:47:13] Database connection established.
DEBUG [2020-07-16 10:47:13] Access Control initialised.
FATAL [2020-07-16 10:47:13] 
Not all the required packages are installed. Error message: Error: package or namespace load failed for 'igraph' in dyn.load(file, DLLpath = DLLpath, ...):
 unable to load shared object '/Applications/GAMS MIRO.app/Contents/Resources/r/library/igraph/libs/igraph.so':
  dlopen(/Applications/GAMS MIRO.app/Contents/Resources/r/library/igraph/libs/igraph.so, 6): Library not loaded: /Library/Frameworks/R.framework/Versions/4.0/Resources/lib/libRlapack.dylib
  Referenced from: /Applications/GAMS MIRO.app/Contents/Resources/r/library/igraph/libs/igraph.so
  Reason: image not found
========================================================
DEBUG [2020-07-16 10:47:41] Db: Database connection ended as Db object was gced.
