
TRACE [2020-07-01 13:58:47] Logging facility initialised.
DEBUG [2020-07-01 13:58:47] Database connection established.
DEBUG [2020-07-01 13:58:47] Access Control initialised.
INFO [2020-07-01 13:58:47] New data: 'default.gdx' is being stored in the database. Please wait a until the import is finished.
DEBUG [2020-07-01 13:58:48] Db: Data was imported from table: '_sys_metadata_harrypotter_emp' (Db.importDataset).
DEBUG [2020-07-01 13:58:48] Db: 10006 rows in table: '_sys_metadata_harrypotter_emp' were deleted. (Db.deleteRows)
DEBUG [2020-07-01 13:58:48] Db: Metadata (table: '_sys_metadata_harrypotter_emp') was written to database. (Db.writeMetadata).
DEBUG [2020-07-01 13:58:48] Db: Metadata (table: '_sys_metadata_harrypotter_emp') was added for scenario: 'default' (Scenario.writeMetadata).
DEBUG [2020-07-01 13:58:48] Db: Data was added to table: 'harrypotteremp_output1' (Db.exportScenDataset).
DEBUG [2020-07-01 13:58:48] Db: Data was added to table: 'harrypotteremp_trust_data' (Db.exportScenDataset).
DEBUG [2020-07-01 13:58:48] Db: Data was added to table: 'harrypotteremp_trust_label' (Db.exportScenDataset).
DEBUG [2020-07-01 13:58:49] Db: Data was imported from table: '_sys_scenlocks_harrypotter_emp' (Db.importDataset).
DEBUG [2020-07-01 13:58:49] Db: hasee: Lock was added for scenario: '1' (Scenario.lock).
DEBUG [2020-07-01 13:58:49] Scenario: '1' unlocked.
DEBUG [2020-07-01 13:58:49] Db: 1 rows in table: '_sys_scenlocks_harrypotter_emp' were deleted. (Db.deleteRows)
INFO [2020-07-01 13:58:53] Session started (model: 'harrypotter_emp', user: 'hasee', workdir: 'C:/Users/hasee/Documents/GitHub/GAMS-MIRO/HarryPotter').
DEBUG [2020-07-01 13:58:53] Working directory was created: 'C:/Users/hasee/Documents/GitHub/GAMS-MIRO/HarryPotter'.
DEBUG [2020-07-01 13:58:53] Db: Data was imported from table: '_sys_metadata_harrypotter_emp' (Db.importDataset).
DEBUG [2020-07-01 13:58:54] Sidebar menu item: 'inputData' selected.
DEBUG [2020-07-01 13:58:54] Loading and rendering scenarios: '1'.
DEBUG [2020-07-01 13:58:54] Db: Data was imported from table: 'harrypotteremp_output1' (Db.importDataset).
DEBUG [2020-07-01 13:58:54] Db: Data was imported from table: 'harrypotteremp_trust_data' (Db.importDataset).
DEBUG [2020-07-01 13:58:54] Db: Data was imported from table: 'harrypotteremp_trust_label' (Db.importDataset).
DEBUG [2020-07-01 13:58:55] Db: A table named: '_sys_scripts_harrypotter_emp' does not exist in the database (Db.importDataset).
DEBUG [2020-07-01 13:58:55] Scenario: 'New Scenario' closed.
DEBUG [2020-07-01 13:58:55] Db: Data was imported from table: '_sys_metadata_harrypotter_emp' (Db.importDataset).
DEBUG [2020-07-01 13:58:55] Db: Data was imported from table: '_sys_scenlocks_harrypotter_emp' (Db.importDataset).
DEBUG [2020-07-01 13:58:55] Db: hasee: Lock was added for scenario: '1' (Scenario.lock).
DEBUG [2020-07-01 13:58:55] Dataset: trust_data loaded successfully (mode: scen, overwrite: FALSE)
DEBUG [2020-07-01 13:58:55] Dataset: trust_label loaded successfully (mode: scen, overwrite: FALSE)
DEBUG [2020-07-01 13:58:56] Scenario: '1' was loaded into UI
DEBUG [2020-07-01 13:58:57] Sidebar menu item: 'outputData' selected.
INFO [2020-07-01 14:01:19] Session ended (model: 'harrypotter_emp', user: 'hasee').
